  GameField.cpp
  GameLogic.cpp
C:\TetrisProject\TetrisProject\GameLogic.cpp(21,53): warning C4244: =: преобразование "sf::Int64" в "float", возможна потеря данных
C:\TetrisProject\TetrisProject\GameLogic.cpp(52,15): warning C4244: аргумент: преобразование "time_t" в "unsigned int", возможна потеря данных
C:\TetrisProject\TetrisProject\GameLogic.cpp(138,96): warning C4244: аргумент: преобразование "int" в "T", возможна потеря данных
          with
          [
              T=float
          ]
C:\TetrisProject\TetrisProject\GameLogic.cpp(138,54): warning C4244: аргумент: преобразование "int" в "T", возможна потеря данных
          with
          [
              T=float
          ]
C:\TetrisProject\TetrisProject\GameLogic.cpp(263,50): warning C4244: аргумент: преобразование "const int" в "T", возможна потеря данных
          with
          [
              T=float
          ]
C:\TetrisProject\TetrisProject\GameLogic.cpp(263,38): warning C4244: аргумент: преобразование "int" в "T", возможна потеря данных
          with
          [
              T=float
          ]
C:\TetrisProject\TetrisProject\GameLogic.cpp(267,53): warning C4244: аргумент: преобразование "int" в "T", возможна потеря данных
          with
          [
              T=float
          ]
C:\TetrisProject\TetrisProject\GameLogic.cpp(267,38): warning C4244: аргумент: преобразование "int" в "T", возможна потеря данных
          with
          [
              T=float
          ]
C:\TetrisProject\TetrisProject\GameLogic.cpp(271,53): warning C4244: аргумент: преобразование "int" в "T", возможна потеря данных
          with
          [
              T=float
          ]
C:\TetrisProject\TetrisProject\GameLogic.cpp(271,38): warning C4244: аргумент: преобразование "int" в "T", возможна потеря данных
          with
          [
              T=float
          ]
C:\TetrisProject\TetrisProject\GameLogic.cpp(284,81): warning C4244: аргумент: преобразование "int" в "T", возможна потеря данных
          with
          [
              T=float
          ]
C:\TetrisProject\TetrisProject\GameLogic.cpp(284,61): warning C4244: аргумент: преобразование "int" в "T", возможна потеря данных
          with
          [
              T=float
          ]
  main.cpp
  Создание кода
  2 of 114 functions ( 1.8%) were compiled, the rest were copied from previous compilation.
    1 functions were new in current compilation
    1 functions had inline decision re-evaluated but remain unchanged
  Создание кода завершено
  TetrisProject.vcxproj -> C:\TetrisProject\TetrisProject\x64\Release\TetrisProject.exe
